<?xml version="1.0" encoding="UTF-8"?>
<!-- Generated by org.testng.reporters.JUnitReportReporter -->
<testsuite skipped="0" hostname="C089DMAA" name="ReadExcelData.EscapeCharacters" tests="1" failures="0" timestamp="19 Dec 2018 07:49:15 GMT" time="0.005" errors="0">
  <testcase name="login" time="0.005" classname="ReadExcelData.EscapeCharacters"/>
</testsuite> <!-- ReadExcelData.EscapeCharacters -->
