<?xml version="1.0" encoding="UTF-8"?>
<!-- Generated by org.testng.reporters.JUnitReportReporter -->
<testsuite skipped="1" hostname="C089DMAA" name="Testcases.Javatest" tests="2" failures="0" timestamp="08 Oct 2018 11:50:22 GMT" time="0.005" errors="0">
  <testcase name="testCase2Assert" time="0.005" classname="Testcases.Javatest"/>
  <testcase name="testCase1" classname="Testcases.Javatest">
    <skipped/>
  </testcase> <!-- testCase1 -->
</testsuite> <!-- Testcases.Javatest -->
