<?xml version="1.0" encoding="UTF-8"?>
<!-- Generated by org.testng.reporters.JUnitReportReporter -->
<testsuite skipped="0" hostname="C089DMAA" name="ReadExcelData.NewTestNG" tests="3" failures="0" timestamp="27 Dec 2018 09:51:19 GMT" time="50.300" errors="0">
  <testcase name="loginCredentials" time="17.040" classname="ReadExcelData.NewTestNG"/>
  <testcase name="loginCredentials" time="18.946" classname="ReadExcelData.NewTestNG"/>
  <testcase name="loginCredentials" time="14.314" classname="ReadExcelData.NewTestNG"/>
</testsuite> <!-- ReadExcelData.NewTestNG -->
