<?xml version="1.0" encoding="UTF-8"?>
<!-- Generated by org.testng.reporters.JUnitReportReporter -->
<testsuite skipped="0" hostname="C089DMAA" name="Testcases.CreateCheck" tests="1" failures="0" timestamp="13 Feb 2018 14:46:35 GMT" time="19.208" errors="0">
  <testcase name="mainmethod" time="19.208" classname="Testcases.CreateCheck"/>
</testsuite> <!-- Testcases.CreateCheck -->
