<?xml version="1.0" encoding="UTF-8"?>
<!-- Generated by org.testng.reporters.JUnitReportReporter -->
<testsuite skipped="1" hostname="C089DMAA" name="ReadExcelData.TestNG1" tests="5" failures="0" timestamp="30 Nov 2018 09:10:38 GMT" time="0.031" errors="0">
  <testcase name="one" time="0.002" classname="ReadExcelData.TestNG1"/>
  <testcase name="two" time="0.003" classname="ReadExcelData.TestNG1"/>
  <testcase name="nine" time="0.025" classname="ReadExcelData.TestNG1"/>
  <testcase name="three" time="0.001" classname="ReadExcelData.TestNG1"/>
  <testcase name="five" classname="ReadExcelData.TestNG1">
    <skipped/>
  </testcase> <!-- five -->
</testsuite> <!-- ReadExcelData.TestNG1 -->
